ARM GAS  /tmp/ccLN7YnT.s 			page 1


   1              		.cpu cortex-m4
   2              		.eabi_attribute 27, 1
   3              		.eabi_attribute 28, 1
   4              		.eabi_attribute 20, 1
   5              		.eabi_attribute 21, 1
   6              		.eabi_attribute 23, 3
   7              		.eabi_attribute 24, 1
   8              		.eabi_attribute 25, 1
   9              		.eabi_attribute 26, 1
  10              		.eabi_attribute 30, 1
  11              		.eabi_attribute 34, 1
  12              		.eabi_attribute 18, 4
  13              		.file	"main.cpp"
  14              		.section	.text._ZL17system_clock_initv,"ax",%progbits
  15              		.align	1
  16              		.syntax unified
  17              		.thumb
  18              		.thumb_func
  19              		.fpu fpv4-sp-d16
  21              	_ZL17system_clock_initv:
  22              		.fnstart
  23              	.LFB135:
  24              		@ args = 0, pretend = 0, frame = 80
  25              		@ frame_needed = 0, uses_anonymous_args = 0
  26 0000 30B5     		push	{r4, r5, lr}
  27              		.save {r4, r5, lr}
  28              		.pad #84
  29 0002 95B0     		sub	sp, sp, #84
  30 0004 0025     		movs	r5, #0
  31 0006 0195     		str	r5, [sp, #4]
  32 0008 1D4B     		ldr	r3, .L3
  33 000a 1A6C     		ldr	r2, [r3, #64]
  34 000c 42F08052 		orr	r2, r2, #268435456
  35 0010 1A64     		str	r2, [r3, #64]
  36 0012 1B6C     		ldr	r3, [r3, #64]
  37 0014 03F08053 		and	r3, r3, #268435456
  38 0018 0193     		str	r3, [sp, #4]
  39 001a 019B     		ldr	r3, [sp, #4]
  40 001c 0295     		str	r5, [sp, #8]
  41 001e 194B     		ldr	r3, .L3+4
  42 0020 1A68     		ldr	r2, [r3]
  43 0022 42F48042 		orr	r2, r2, #16384
  44 0026 1A60     		str	r2, [r3]
  45 0028 1B68     		ldr	r3, [r3]
  46 002a 03F48043 		and	r3, r3, #16384
  47 002e 0293     		str	r3, [sp, #8]
  48 0030 029B     		ldr	r3, [sp, #8]
  49 0032 3022     		movs	r2, #48
  50 0034 2946     		mov	r1, r5
  51 0036 08A8     		add	r0, sp, #32
  52 0038 FFF7FEFF 		bl	memset
  53 003c 0224     		movs	r4, #2
  54 003e 0894     		str	r4, [sp, #32]
  55 0040 0123     		movs	r3, #1
  56 0042 0B93     		str	r3, [sp, #44]
  57 0044 1023     		movs	r3, #16
  58 0046 0C93     		str	r3, [sp, #48]
ARM GAS  /tmp/ccLN7YnT.s 			page 2


  59 0048 0E94     		str	r4, [sp, #56]
  60 004a 0823     		movs	r3, #8
  61 004c 1093     		str	r3, [sp, #64]
  62 004e A823     		movs	r3, #168
  63 0050 1193     		str	r3, [sp, #68]
  64 0052 1294     		str	r4, [sp, #72]
  65 0054 0423     		movs	r3, #4
  66 0056 1393     		str	r3, [sp, #76]
  67 0058 08A8     		add	r0, sp, #32
  68 005a FFF7FEFF 		bl	HAL_RCC_OscConfig
  69 005e 0595     		str	r5, [sp, #20]
  70 0060 0F23     		movs	r3, #15
  71 0062 0393     		str	r3, [sp, #12]
  72 0064 0494     		str	r4, [sp, #16]
  73 0066 4FF4A053 		mov	r3, #5120
  74 006a 0693     		str	r3, [sp, #24]
  75 006c 4FF48053 		mov	r3, #4096
  76 0070 0793     		str	r3, [sp, #28]
  77 0072 0521     		movs	r1, #5
  78 0074 03A8     		add	r0, sp, #12
  79 0076 FFF7FEFF 		bl	HAL_RCC_ClockConfig
  80 007a 15B0     		add	sp, sp, #84
  81              		@ sp needed
  82 007c 30BD     		pop	{r4, r5, pc}
  83              	.L4:
  84 007e 00BF     		.align	2
  85              	.L3:
  86 0080 00380240 		.word	1073887232
  87 0084 00700040 		.word	1073770496
  88              		.fnend
  90              		.section	.text.main,"ax",%progbits
  91              		.align	1
  92              		.global	main
  93              		.syntax unified
  94              		.thumb
  95              		.thumb_func
  96              		.fpu fpv4-sp-d16
  98              	main:
  99              		.fnstart
 100              	.LFB136:
 101              		@ args = 0, pretend = 0, frame = 0
 102              		@ frame_needed = 0, uses_anonymous_args = 0
 103 0000 08B5     		push	{r3, lr}
 104              		.save {r3, lr}
 105 0002 FFF7FEFF 		bl	HAL_Init
 106 0006 FFF7FEFF 		bl	_ZL17system_clock_initv
 107 000a FFF7FEFF 		bl	stm_log_init
 108 000e 0021     		movs	r1, #0
 109 0010 0548     		ldr	r0, .L7
 110 0012 FFF7FEFF 		bl	stm_log_level_set
 111 0016 0321     		movs	r1, #3
 112 0018 0448     		ldr	r0, .L7+4
 113 001a FFF7FEFF 		bl	stm_log_level_set
 114 001e FFF7FEFF 		bl	vTaskStartScheduler
 115 0022 0020     		movs	r0, #0
 116 0024 08BD     		pop	{r3, pc}
 117              	.L8:
ARM GAS  /tmp/ccLN7YnT.s 			page 3


 118 0026 00BF     		.align	2
 119              	.L7:
 120 0028 00000000 		.word	.LC0
 121 002c 04000000 		.word	.LC1
 122              		.fnend
 124              		.section	.rodata.main.str1.4,"aMS",%progbits,1
 125              		.align	2
 126              	.LC0:
 127 0000 2A00     		.ascii	"*\000"
 128 0002 0000     		.space	2
 129              	.LC1:
 130 0004 4150505F 		.ascii	"APP_MAIN\000"
 130      4D41494E 
 130      00
 131              		.ident	"GCC: (15:6.3.1+svn253039-1build1) 6.3.1 20170620"
ARM GAS  /tmp/ccLN7YnT.s 			page 4


DEFINED SYMBOLS
                            *ABS*:0000000000000000 main.cpp
     /tmp/ccLN7YnT.s:15     .text._ZL17system_clock_initv:0000000000000000 $t
     /tmp/ccLN7YnT.s:21     .text._ZL17system_clock_initv:0000000000000000 _ZL17system_clock_initv
     /tmp/ccLN7YnT.s:86     .text._ZL17system_clock_initv:0000000000000080 $d
.ARM.exidx.text._ZL17system_clock_initv:0000000000000000 $d
     /tmp/ccLN7YnT.s:91     .text.main:0000000000000000 $t
     /tmp/ccLN7YnT.s:98     .text.main:0000000000000000 main
     /tmp/ccLN7YnT.s:120    .text.main:0000000000000028 $d
             .ARM.extab.text.main:0000000000000000 $d
             .ARM.exidx.text.main:0000000000000000 $d
     /tmp/ccLN7YnT.s:125    .rodata.main.str1.4:0000000000000000 $d

UNDEFINED SYMBOLS
memset
HAL_RCC_OscConfig
HAL_RCC_ClockConfig
__aeabi_unwind_cpp_pr0
HAL_Init
stm_log_init
stm_log_level_set
vTaskStartScheduler
__aeabi_unwind_cpp_pr1
