ARM GAS  /tmp/ccOqghnY.s 			page 1


   1              		.cpu cortex-m4
   2              		.eabi_attribute 27, 1
   3              		.eabi_attribute 28, 1
   4              		.eabi_attribute 20, 1
   5              		.eabi_attribute 21, 1
   6              		.eabi_attribute 23, 3
   7              		.eabi_attribute 24, 1
   8              		.eabi_attribute 25, 1
   9              		.eabi_attribute 26, 1
  10              		.eabi_attribute 30, 1
  11              		.eabi_attribute 34, 1
  12              		.eabi_attribute 18, 4
  13              		.file	"panic.c"
  14              		.text
  15              	.Ltext0:
  16              		.cfi_sections	.debug_frame
  17              		.section	.text.vApplicationGetIdleTaskMemory,"ax",%progbits
  18              		.align	1
  19              		.global	vApplicationGetIdleTaskMemory
  20              		.syntax unified
  21              		.thumb
  22              		.thumb_func
  23              		.fpu fpv4-sp-d16
  25              	vApplicationGetIdleTaskMemory:
  26              	.LFB5:
  27              		.file 1 "/home/phong/Documents/thesis/stm32f4/stm-idf/components/stm32/panic.c"
   1:/home/phong/Documents/thesis/stm32f4/stm-idf/components/stm32/panic.c **** /* USER CODE BEGIN Header */
   2:/home/phong/Documents/thesis/stm32f4/stm-idf/components/stm32/panic.c **** /**
   3:/home/phong/Documents/thesis/stm32f4/stm-idf/components/stm32/panic.c ****   ******************************************************************************
   4:/home/phong/Documents/thesis/stm32f4/stm-idf/components/stm32/panic.c ****   * File Name          : freertos.c
   5:/home/phong/Documents/thesis/stm32f4/stm-idf/components/stm32/panic.c ****   * Description        : Code for freertos applications
   6:/home/phong/Documents/thesis/stm32f4/stm-idf/components/stm32/panic.c ****   ******************************************************************************
   7:/home/phong/Documents/thesis/stm32f4/stm-idf/components/stm32/panic.c ****   * @attention
   8:/home/phong/Documents/thesis/stm32f4/stm-idf/components/stm32/panic.c ****   *
   9:/home/phong/Documents/thesis/stm32f4/stm-idf/components/stm32/panic.c ****   * <h2><center>&copy; Copyright (c) 2020 STMicroelectronics.
  10:/home/phong/Documents/thesis/stm32f4/stm-idf/components/stm32/panic.c ****   * All rights reserved.</center></h2>
  11:/home/phong/Documents/thesis/stm32f4/stm-idf/components/stm32/panic.c ****   *
  12:/home/phong/Documents/thesis/stm32f4/stm-idf/components/stm32/panic.c ****   * This software component is licensed by ST under Ultimate Liberty license
  13:/home/phong/Documents/thesis/stm32f4/stm-idf/components/stm32/panic.c ****   * SLA0044, the "License"; You may not use this file except in compliance with
  14:/home/phong/Documents/thesis/stm32f4/stm-idf/components/stm32/panic.c ****   * the License. You may obtain a copy of the License at:
  15:/home/phong/Documents/thesis/stm32f4/stm-idf/components/stm32/panic.c ****   *                             www.st.com/SLA0044
  16:/home/phong/Documents/thesis/stm32f4/stm-idf/components/stm32/panic.c ****   *
  17:/home/phong/Documents/thesis/stm32f4/stm-idf/components/stm32/panic.c ****   ******************************************************************************
  18:/home/phong/Documents/thesis/stm32f4/stm-idf/components/stm32/panic.c ****   */
  19:/home/phong/Documents/thesis/stm32f4/stm-idf/components/stm32/panic.c **** /* USER CODE END Header */
  20:/home/phong/Documents/thesis/stm32f4/stm-idf/components/stm32/panic.c **** 
  21:/home/phong/Documents/thesis/stm32f4/stm-idf/components/stm32/panic.c **** /* Includes ------------------------------------------------------------------*/
  22:/home/phong/Documents/thesis/stm32f4/stm-idf/components/stm32/panic.c **** #include "FreeRTOS.h"
  23:/home/phong/Documents/thesis/stm32f4/stm-idf/components/stm32/panic.c **** #include "task.h"
  24:/home/phong/Documents/thesis/stm32f4/stm-idf/components/stm32/panic.c **** 
  25:/home/phong/Documents/thesis/stm32f4/stm-idf/components/stm32/panic.c **** /* Private includes ----------------------------------------------------------*/
  26:/home/phong/Documents/thesis/stm32f4/stm-idf/components/stm32/panic.c **** /* USER CODE BEGIN Includes */     
  27:/home/phong/Documents/thesis/stm32f4/stm-idf/components/stm32/panic.c **** 
  28:/home/phong/Documents/thesis/stm32f4/stm-idf/components/stm32/panic.c **** /* USER CODE END Includes */
  29:/home/phong/Documents/thesis/stm32f4/stm-idf/components/stm32/panic.c **** 
  30:/home/phong/Documents/thesis/stm32f4/stm-idf/components/stm32/panic.c **** /* Private typedef -----------------------------------------------------------*/
  31:/home/phong/Documents/thesis/stm32f4/stm-idf/components/stm32/panic.c **** /* USER CODE BEGIN PTD */
ARM GAS  /tmp/ccOqghnY.s 			page 2


  32:/home/phong/Documents/thesis/stm32f4/stm-idf/components/stm32/panic.c **** 
  33:/home/phong/Documents/thesis/stm32f4/stm-idf/components/stm32/panic.c **** /* USER CODE END PTD */
  34:/home/phong/Documents/thesis/stm32f4/stm-idf/components/stm32/panic.c **** 
  35:/home/phong/Documents/thesis/stm32f4/stm-idf/components/stm32/panic.c **** /* Private define ------------------------------------------------------------*/
  36:/home/phong/Documents/thesis/stm32f4/stm-idf/components/stm32/panic.c **** /* USER CODE BEGIN PD */
  37:/home/phong/Documents/thesis/stm32f4/stm-idf/components/stm32/panic.c **** 
  38:/home/phong/Documents/thesis/stm32f4/stm-idf/components/stm32/panic.c **** /* USER CODE END PD */
  39:/home/phong/Documents/thesis/stm32f4/stm-idf/components/stm32/panic.c **** 
  40:/home/phong/Documents/thesis/stm32f4/stm-idf/components/stm32/panic.c **** /* Private macro -------------------------------------------------------------*/
  41:/home/phong/Documents/thesis/stm32f4/stm-idf/components/stm32/panic.c **** /* USER CODE BEGIN PM */
  42:/home/phong/Documents/thesis/stm32f4/stm-idf/components/stm32/panic.c **** 
  43:/home/phong/Documents/thesis/stm32f4/stm-idf/components/stm32/panic.c **** /* USER CODE END PM */
  44:/home/phong/Documents/thesis/stm32f4/stm-idf/components/stm32/panic.c **** 
  45:/home/phong/Documents/thesis/stm32f4/stm-idf/components/stm32/panic.c **** /* Private variables ---------------------------------------------------------*/
  46:/home/phong/Documents/thesis/stm32f4/stm-idf/components/stm32/panic.c **** /* USER CODE BEGIN Variables */
  47:/home/phong/Documents/thesis/stm32f4/stm-idf/components/stm32/panic.c **** 
  48:/home/phong/Documents/thesis/stm32f4/stm-idf/components/stm32/panic.c **** /* USER CODE END Variables */
  49:/home/phong/Documents/thesis/stm32f4/stm-idf/components/stm32/panic.c **** 
  50:/home/phong/Documents/thesis/stm32f4/stm-idf/components/stm32/panic.c **** /* Private function prototypes -----------------------------------------------*/
  51:/home/phong/Documents/thesis/stm32f4/stm-idf/components/stm32/panic.c **** /* USER CODE BEGIN FunctionPrototypes */
  52:/home/phong/Documents/thesis/stm32f4/stm-idf/components/stm32/panic.c ****    
  53:/home/phong/Documents/thesis/stm32f4/stm-idf/components/stm32/panic.c **** /* USER CODE END FunctionPrototypes */
  54:/home/phong/Documents/thesis/stm32f4/stm-idf/components/stm32/panic.c **** 
  55:/home/phong/Documents/thesis/stm32f4/stm-idf/components/stm32/panic.c **** /* GetIdleTaskMemory prototype (linked to static allocation support) */
  56:/home/phong/Documents/thesis/stm32f4/stm-idf/components/stm32/panic.c **** void vApplicationGetIdleTaskMemory( StaticTask_t **ppxIdleTaskTCBBuffer, StackType_t **ppxIdleTaskS
  57:/home/phong/Documents/thesis/stm32f4/stm-idf/components/stm32/panic.c **** 
  58:/home/phong/Documents/thesis/stm32f4/stm-idf/components/stm32/panic.c **** /* USER CODE BEGIN GET_IDLE_TASK_MEMORY */
  59:/home/phong/Documents/thesis/stm32f4/stm-idf/components/stm32/panic.c **** static StaticTask_t xIdleTaskTCBBuffer;
  60:/home/phong/Documents/thesis/stm32f4/stm-idf/components/stm32/panic.c **** static StackType_t xIdleStack[configMINIMAL_STACK_SIZE];
  61:/home/phong/Documents/thesis/stm32f4/stm-idf/components/stm32/panic.c ****   
  62:/home/phong/Documents/thesis/stm32f4/stm-idf/components/stm32/panic.c **** void vApplicationGetIdleTaskMemory( StaticTask_t **ppxIdleTaskTCBBuffer, StackType_t **ppxIdleTaskS
  63:/home/phong/Documents/thesis/stm32f4/stm-idf/components/stm32/panic.c **** {
  28              		.loc 1 63 0
  29              		.cfi_startproc
  30              		@ args = 0, pretend = 0, frame = 0
  31              		@ frame_needed = 0, uses_anonymous_args = 0
  32              		@ link register save eliminated.
  33              	.LVL0:
  64:/home/phong/Documents/thesis/stm32f4/stm-idf/components/stm32/panic.c ****   *ppxIdleTaskTCBBuffer = &xIdleTaskTCBBuffer;
  34              		.loc 1 64 0
  35 0000 034B     		ldr	r3, .L2
  36 0002 0360     		str	r3, [r0]
  65:/home/phong/Documents/thesis/stm32f4/stm-idf/components/stm32/panic.c ****   *ppxIdleTaskStackBuffer = &xIdleStack[0];
  37              		.loc 1 65 0
  38 0004 034B     		ldr	r3, .L2+4
  39 0006 0B60     		str	r3, [r1]
  66:/home/phong/Documents/thesis/stm32f4/stm-idf/components/stm32/panic.c ****   *pulIdleTaskStackSize = configMINIMAL_STACK_SIZE;
  40              		.loc 1 66 0
  41 0008 8023     		movs	r3, #128
  42 000a 1360     		str	r3, [r2]
  43 000c 7047     		bx	lr
  44              	.L3:
  45 000e 00BF     		.align	2
  46              	.L2:
  47 0010 00000000 		.word	.LANCHOR0
  48 0014 00000000 		.word	.LANCHOR1
  49              		.cfi_endproc
ARM GAS  /tmp/ccOqghnY.s 			page 3


  50              	.LFE5:
  52              		.section	.bss.xIdleStack,"aw",%nobits
  53              		.align	2
  54              		.set	.LANCHOR1,. + 0
  57              	xIdleStack:
  58 0000 00000000 		.space	512
  58      00000000 
  58      00000000 
  58      00000000 
  58      00000000 
  59              		.section	.bss.xIdleTaskTCBBuffer,"aw",%nobits
  60              		.align	2
  61              		.set	.LANCHOR0,. + 0
  64              	xIdleTaskTCBBuffer:
  65 0000 00000000 		.space	84
  65      00000000 
  65      00000000 
  65      00000000 
  65      00000000 
  66              		.text
  67              	.Letext0:
  68              		.file 2 "/home/phong/Documents/thesis/stm32f4/stm-idf/components/newlib/include/machine/_default_t
  69              		.file 3 "/home/phong/Documents/thesis/stm32f4/stm-idf/components/newlib/include/sys/_stdint.h"
  70              		.file 4 "/home/phong/Documents/thesis/stm32f4/stm-idf/components/freertos/portable/gcc/arm_cm4f/po
  71              		.file 5 "/home/phong/Documents/thesis/stm32f4/stm-idf/components/freertos/include/freertos/FreeRTO
  72              		.file 6 "/home/phong/Documents/thesis/stm32f4/stm-idf/components/freertos/include/freertos/FreeRTO
ARM GAS  /tmp/ccOqghnY.s 			page 4


DEFINED SYMBOLS
                            *ABS*:0000000000000000 panic.c
     /tmp/ccOqghnY.s:18     .text.vApplicationGetIdleTaskMemory:0000000000000000 $t
     /tmp/ccOqghnY.s:25     .text.vApplicationGetIdleTaskMemory:0000000000000000 vApplicationGetIdleTaskMemory
     /tmp/ccOqghnY.s:47     .text.vApplicationGetIdleTaskMemory:0000000000000010 $d
     /tmp/ccOqghnY.s:53     .bss.xIdleStack:0000000000000000 $d
     /tmp/ccOqghnY.s:57     .bss.xIdleStack:0000000000000000 xIdleStack
     /tmp/ccOqghnY.s:60     .bss.xIdleTaskTCBBuffer:0000000000000000 $d
     /tmp/ccOqghnY.s:64     .bss.xIdleTaskTCBBuffer:0000000000000000 xIdleTaskTCBBuffer
                     .debug_frame:0000000000000010 $d

NO UNDEFINED SYMBOLS
