ARM GAS  /tmp/ccFTpkgP.s 			page 1


   1              		.cpu cortex-m4
   2              		.eabi_attribute 27, 1
   3              		.eabi_attribute 28, 1
   4              		.eabi_attribute 20, 1
   5              		.eabi_attribute 21, 1
   6              		.eabi_attribute 23, 3
   7              		.eabi_attribute 24, 1
   8              		.eabi_attribute 25, 1
   9              		.eabi_attribute 26, 1
  10              		.eabi_attribute 30, 1
  11              		.eabi_attribute 34, 1
  12              		.eabi_attribute 18, 4
  13              		.file	"robot_hardware.c"
  14              		.text
  15              	.Ltext0:
  16              		.cfi_sections	.debug_frame
  17              	.Letext0:
  18              		.file 1 "/home/phong/Documents/thesis/stm32f4/stm-idf/components/newlib/include/sys/lock.h"
  19              		.file 2 "/home/phong/Documents/thesis/stm32f4/stm-idf/components/newlib/include/sys/_types.h"
  20              		.file 3 "/usr/lib/gcc/arm-none-eabi/6.3.1/include/stddef.h"
  21              		.file 4 "/home/phong/Documents/thesis/stm32f4/stm-idf/components/newlib/include/sys/reent.h"
ARM GAS  /tmp/ccFTpkgP.s 			page 2


DEFINED SYMBOLS
                            *ABS*:0000000000000000 robot_hardware.c

NO UNDEFINED SYMBOLS
