ARM GAS  /tmp/ccwUSjXe.s 			page 1


   1              		.cpu cortex-m4
   2              		.eabi_attribute 27, 1
   3              		.eabi_attribute 28, 1
   4              		.eabi_attribute 20, 1
   5              		.eabi_attribute 21, 1
   6              		.eabi_attribute 23, 3
   7              		.eabi_attribute 24, 1
   8              		.eabi_attribute 25, 1
   9              		.eabi_attribute 26, 1
  10              		.eabi_attribute 30, 1
  11              		.eabi_attribute 34, 1
  12              		.eabi_attribute 18, 4
  13              		.file	"stm32f4xx_hal_eth.c"
  14              		.text
  15              	.Ltext0:
  16              		.cfi_sections	.debug_frame
  17              	.Letext0:
  18              		.file 1 "/home/phong/Documents/thesis/stm32f4/stm-idf/components/newlib/include/machine/_default_t
  19              		.file 2 "/home/phong/Documents/thesis/stm32f4/stm-idf/components/newlib/include/sys/_stdint.h"
  20              		.file 3 "/home/phong/Documents/thesis/stm32f4/stm-idf/components/cmsis/include/core_cm4.h"
  21              		.file 4 "/home/phong/Documents/thesis/stm32f4/stm-idf/components/cmsis/device/stm32/stm32f4xx/incl
  22              		.file 5 "/home/phong/Documents/thesis/stm32f4/stm-idf/components/stm32f4xx_hal_driver/include/stm3
ARM GAS  /tmp/ccwUSjXe.s 			page 2


DEFINED SYMBOLS
                            *ABS*:0000000000000000 stm32f4xx_hal_eth.c

NO UNDEFINED SYMBOLS
